<?xml version="1.0" encoding="UTF-8"?>
<!-- Generated by org.testng.reporters.JUnitReportReporter -->
<testsuite hostname="G10CHLT018" failures="0" tests="1" name="com.v2Workflow.testcases.VerifySignInTest" time="3.207" errors="0" timestamp="3 Mar 2020 06:14:53 GMT">
  <testcase classname="com.v2Workflow.testcases.VerifySignInTest" name="verifyLogInTest" time="3.207"/>
</testsuite> <!-- com.v2Workflow.testcases.VerifySignInTest -->
