<?xml version="1.0" encoding="UTF-8"?>
<!-- Generated by org.testng.reporters.JUnitReportReporter -->
<testsuite hostname="G10CHLT018" failures="0" tests="1" name="com.v2Workflow.testcases.ProjectRegistrationFlowTest" time="23.848" errors="0" timestamp="3 Mar 2020 12:01:48 GMT">
  <testcase classname="com.v2Workflow.testcases.ProjectRegistrationFlowTest" name="ProjectRegisterFlow" time="23.848"/>
</testsuite> <!-- com.v2Workflow.testcases.ProjectRegistrationFlowTest -->
