<?xml version="1.0" encoding="UTF-8"?>
<!-- Generated by org.testng.reporters.JUnitReportReporter -->
<testsuite hostname="G10CHLT018" failures="0" tests="1" name="com.v2Workflow.testcases.ScorecardFlowTest" time="26.578" errors="0" timestamp="3 Mar 2020 12:15:07 GMT">
  <testcase classname="com.v2Workflow.testcases.ScorecardFlowTest" name="ProjectScorecardFlow" time="26.578"/>
</testsuite> <!-- com.v2Workflow.testcases.ScorecardFlowTest -->
