<?xml version="1.0" encoding="UTF-8"?>
<!-- Generated by org.testng.reporters.JUnitReportReporter -->
<testsuite hostname="G10CHLT018" failures="0" tests="1" name="com.v2Workflow.testcases.SelectProjectTest" time="5.330" errors="0" timestamp="2 Mar 2020 13:37:13 GMT">
  <testcase classname="com.v2Workflow.testcases.SelectProjectTest" name="selectProject" time="5.330"/>
</testsuite> <!-- com.v2Workflow.testcases.SelectProjectTest -->
