<?xml version="1.0" encoding="UTF-8"?>
<!-- Generated by org.testng.reporters.JUnitReportReporter -->
<testsuite hostname="G10CHLT018" failures="0" tests="1" name="com.v2Workflow.testcases.StartProjectFlowTest" time="17.532" errors="0" timestamp="3 Mar 2020 11:57:07 GMT">
  <testcase classname="com.v2Workflow.testcases.StartProjectFlowTest" name="StartProjectFlow" time="17.532"/>
</testsuite> <!-- com.v2Workflow.testcases.StartProjectFlowTest -->
